{"C:\\Users\\Lukas\\Node\\Card3\\src\\CardPile.js":{"path":"C:\\Users\\Lukas\\Node\\Card3\\src\\CardPile.js","s":{"1":1,"2":1,"3":25,"4":25,"5":1,"6":26,"7":1,"8":344,"9":1,"10":22,"11":344,"12":1,"13":9,"14":9,"15":9,"16":39,"17":39,"18":39,"19":9,"20":1,"21":5,"22":1,"23":1,"24":5,"25":1,"26":4,"27":4,"28":1,"29":7,"30":4,"31":1,"32":100,"33":1,"34":18,"35":310,"36":310,"37":18,"38":1,"39":1,"40":1},"b":{},"f":{"1":1,"2":25,"3":26,"4":344,"5":22,"6":9,"7":5,"8":1,"9":4,"10":7,"11":100,"12":18},"fnMap":{"1":{"name":"(anonymous_1)","line":2,"loc":{"start":{"line":2,"column":16},"end":{"line":2,"column":28}}},"2":{"name":"CardPile","line":3,"loc":{"start":{"line":3,"column":4},"end":{"line":3,"column":45}}},"3":{"name":"(anonymous_3)","line":7,"loc":{"start":{"line":7,"column":38},"end":{"line":7,"column":50}}},"4":{"name":"(anonymous_4)","line":10,"loc":{"start":{"line":10,"column":38},"end":{"line":10,"column":54}}},"5":{"name":"(anonymous_5)","line":13,"loc":{"start":{"line":13,"column":39},"end":{"line":13,"column":56}}},"6":{"name":"(anonymous_6)","line":18,"loc":{"start":{"line":18,"column":43},"end":{"line":18,"column":69}}},"7":{"name":"(anonymous_7)","line":28,"loc":{"start":{"line":28,"column":41},"end":{"line":28,"column":57}}},"8":{"name":"(anonymous_8)","line":31,"loc":{"start":{"line":31,"column":42},"end":{"line":31,"column":59}}},"9":{"name":"(anonymous_9)","line":36,"loc":{"start":{"line":36,"column":49},"end":{"line":36,"column":65}}},"10":{"name":"(anonymous_10)","line":40,"loc":{"start":{"line":40,"column":50},"end":{"line":40,"column":67}}},"11":{"name":"(anonymous_11)","line":45,"loc":{"start":{"line":45,"column":34},"end":{"line":45,"column":46}}},"12":{"name":"(anonymous_12)","line":51,"loc":{"start":{"line":51,"column":33},"end":{"line":51,"column":45}}}},"statementMap":{"1":{"start":{"line":2,"column":0},"end":{"line":59,"column":5}},"2":{"start":{"line":3,"column":4},"end":{"line":6,"column":5}},"3":{"start":{"line":4,"column":8},"end":{"line":4,"column":59}},"4":{"start":{"line":5,"column":8},"end":{"line":5,"column":23}},"5":{"start":{"line":7,"column":4},"end":{"line":9,"column":6}},"6":{"start":{"line":8,"column":8},"end":{"line":8,"column":32}},"7":{"start":{"line":10,"column":4},"end":{"line":12,"column":6}},"8":{"start":{"line":11,"column":8},"end":{"line":11,"column":29}},"9":{"start":{"line":13,"column":4},"end":{"line":17,"column":6}},"10":{"start":{"line":14,"column":8},"end":{"line":16,"column":9}},"11":{"start":{"line":15,"column":12},"end":{"line":15,"column":40}},"12":{"start":{"line":18,"column":4},"end":{"line":27,"column":6}},"13":{"start":{"line":19,"column":8},"end":{"line":19,"column":26}},"14":{"start":{"line":20,"column":8},"end":{"line":20,"column":23}},"15":{"start":{"line":21,"column":8},"end":{"line":25,"column":9}},"16":{"start":{"line":22,"column":12},"end":{"line":22,"column":32}},"17":{"start":{"line":23,"column":12},"end":{"line":23,"column":35}},"18":{"start":{"line":24,"column":12},"end":{"line":24,"column":27}},"19":{"start":{"line":26,"column":8},"end":{"line":26,"column":32}},"20":{"start":{"line":28,"column":4},"end":{"line":30,"column":6}},"21":{"start":{"line":29,"column":8},"end":{"line":29,"column":40}},"22":{"start":{"line":31,"column":4},"end":{"line":35,"column":6}},"23":{"start":{"line":32,"column":8},"end":{"line":34,"column":9}},"24":{"start":{"line":33,"column":12},"end":{"line":33,"column":43}},"25":{"start":{"line":36,"column":4},"end":{"line":39,"column":6}},"26":{"start":{"line":37,"column":8},"end":{"line":37,"column":86}},"27":{"start":{"line":38,"column":8},"end":{"line":38,"column":47}},"28":{"start":{"line":40,"column":4},"end":{"line":44,"column":6}},"29":{"start":{"line":41,"column":8},"end":{"line":43,"column":9}},"30":{"start":{"line":42,"column":12},"end":{"line":42,"column":51}},"31":{"start":{"line":45,"column":4},"end":{"line":47,"column":6}},"32":{"start":{"line":46,"column":8},"end":{"line":46,"column":31}},"33":{"start":{"line":51,"column":4},"end":{"line":57,"column":6}},"34":{"start":{"line":52,"column":8},"end":{"line":55,"column":9}},"35":{"start":{"line":53,"column":12},"end":{"line":53,"column":65}},"36":{"start":{"line":54,"column":12},"end":{"line":54,"column":90}},"37":{"start":{"line":56,"column":8},"end":{"line":56,"column":15}},"38":{"start":{"line":58,"column":4},"end":{"line":58,"column":20}},"39":{"start":{"line":60,"column":0},"end":{"line":60,"column":26}},"40":{"start":{"line":61,"column":0},"end":{"line":61,"column":30}}},"branchMap":{}},"C:\\Users\\Lukas\\Node\\Card3\\src\\Card.js":{"path":"C:\\Users\\Lukas\\Node\\Card3\\src\\Card.js","s":{"1":1,"2":1,"3":131,"4":11,"5":131,"6":1,"7":1,"8":1},"b":{"1":[11,120]},"f":{"1":1,"2":131},"fnMap":{"1":{"name":"(anonymous_1)","line":2,"loc":{"start":{"line":2,"column":12},"end":{"line":2,"column":24}}},"2":{"name":"Card","line":3,"loc":{"start":{"line":3,"column":4},"end":{"line":3,"column":22}}}},"statementMap":{"1":{"start":{"line":2,"column":0},"end":{"line":8,"column":5}},"2":{"start":{"line":3,"column":4},"end":{"line":6,"column":5}},"3":{"start":{"line":4,"column":8},"end":{"line":4,"column":39}},"4":{"start":{"line":4,"column":29},"end":{"line":4,"column":37}},"5":{"start":{"line":5,"column":8},"end":{"line":5,"column":21}},"6":{"start":{"line":7,"column":4},"end":{"line":7,"column":16}},"7":{"start":{"line":9,"column":0},"end":{"line":9,"column":26}},"8":{"start":{"line":10,"column":0},"end":{"line":10,"column":26}}},"branchMap":{"1":{"line":4,"type":"if","locations":[{"start":{"line":4,"column":8},"end":{"line":4,"column":8}},{"start":{"line":4,"column":8},"end":{"line":4,"column":8}}]}}},"C:\\Users\\Lukas\\Node\\Card3\\src\\RandomNumberGenerator.js":{"path":"C:\\Users\\Lukas\\Node\\Card3\\src\\RandomNumberGenerator.js","s":{"1":1,"2":1,"3":9,"4":1,"5":307,"6":1,"7":1,"8":1},"b":{},"f":{"1":1,"2":9,"3":307},"fnMap":{"1":{"name":"(anonymous_1)","line":2,"loc":{"start":{"line":2,"column":29},"end":{"line":2,"column":41}}},"2":{"name":"RandomNumberGenerator","line":3,"loc":{"start":{"line":3,"column":4},"end":{"line":3,"column":41}}},"3":{"name":"(anonymous_3)","line":7,"loc":{"start":{"line":7,"column":49},"end":{"line":7,"column":64}},"skip":true}},"statementMap":{"1":{"start":{"line":2,"column":0},"end":{"line":11,"column":5}},"2":{"start":{"line":3,"column":4},"end":{"line":5,"column":5}},"3":{"start":{"line":4,"column":8},"end":{"line":4,"column":25}},"4":{"start":{"line":7,"column":4},"end":{"line":9,"column":6},"skip":true},"5":{"start":{"line":8,"column":8},"end":{"line":8,"column":45},"skip":true},"6":{"start":{"line":10,"column":4},"end":{"line":10,"column":33}},"7":{"start":{"line":12,"column":0},"end":{"line":12,"column":26}},"8":{"start":{"line":13,"column":0},"end":{"line":13,"column":43}}},"branchMap":{}},"C:\\Users\\Lukas\\Node\\Card3\\src\\Game.js":{"path":"C:\\Users\\Lukas\\Node\\Card3\\src\\Game.js","s":{"1":1,"2":1,"3":1,"4":1,"5":1,"6":1,"7":1,"8":1,"9":8,"10":8,"11":8,"12":8,"13":16,"14":1,"15":8,"16":8,"17":8,"18":1,"19":16,"20":16,"21":16,"22":16,"23":1,"24":16,"25":16,"26":16,"27":1,"28":16,"29":80,"30":1,"31":83,"32":1,"33":22,"34":29,"35":1,"36":1,"37":1,"38":1,"39":1,"40":1,"41":1,"42":4,"43":1,"44":15,"45":15,"46":1,"47":6,"48":6,"49":6,"50":6,"51":12,"52":3,"53":6,"54":3,"55":1,"56":3,"57":6,"58":6,"59":6,"60":6,"61":6,"62":3,"63":6,"64":1,"65":1,"66":1},"b":{"1":[3,9],"2":[3,3]},"f":{"1":1,"2":8,"3":8,"4":16,"5":16,"6":16,"7":83,"8":22,"9":29,"10":1,"11":1,"12":1,"13":4,"14":15,"15":6,"16":3},"fnMap":{"1":{"name":"(anonymous_1)","line":8,"loc":{"start":{"line":8,"column":12},"end":{"line":8,"column":24}}},"2":{"name":"Game","line":9,"loc":{"start":{"line":9,"column":4},"end":{"line":9,"column":27}}},"3":{"name":"(anonymous_3)","line":20,"loc":{"start":{"line":20,"column":30},"end":{"line":20,"column":42}}},"4":{"name":"(anonymous_4)","line":25,"loc":{"start":{"line":25,"column":32},"end":{"line":25,"column":50}}},"5":{"name":"(anonymous_5)","line":36,"loc":{"start":{"line":36,"column":31},"end":{"line":36,"column":47}}},"6":{"name":"(anonymous_6)","line":41,"loc":{"start":{"line":41,"column":30},"end":{"line":41,"column":46}}},"7":{"name":"(anonymous_7)","line":46,"loc":{"start":{"line":46,"column":30},"end":{"line":46,"column":46}}},"8":{"name":"(anonymous_8)","line":49,"loc":{"start":{"line":49,"column":39},"end":{"line":49,"column":57}}},"9":{"name":"(anonymous_9)","line":50,"loc":{"start":{"line":50,"column":34},"end":{"line":50,"column":50}}},"10":{"name":"(anonymous_10)","line":54,"loc":{"start":{"line":54,"column":37},"end":{"line":54,"column":55}}},"11":{"name":"(anonymous_11)","line":57,"loc":{"start":{"line":57,"column":31},"end":{"line":57,"column":49}}},"12":{"name":"(anonymous_12)","line":60,"loc":{"start":{"line":60,"column":31},"end":{"line":60,"column":49}}},"13":{"name":"(anonymous_13)","line":63,"loc":{"start":{"line":63,"column":33},"end":{"line":63,"column":51}}},"14":{"name":"(anonymous_14)","line":66,"loc":{"start":{"line":66,"column":29},"end":{"line":66,"column":47}}},"15":{"name":"(anonymous_15)","line":70,"loc":{"start":{"line":70,"column":34},"end":{"line":70,"column":59}}},"16":{"name":"(anonymous_16)","line":81,"loc":{"start":{"line":81,"column":38},"end":{"line":81,"column":50}}}},"statementMap":{"1":{"start":{"line":2,"column":0},"end":{"line":2,"column":39}},"2":{"start":{"line":3,"column":0},"end":{"line":3,"column":35}},"3":{"start":{"line":4,"column":0},"end":{"line":4,"column":39}},"4":{"start":{"line":5,"column":0},"end":{"line":5,"column":65}},"5":{"start":{"line":6,"column":0},"end":{"line":6,"column":41}},"6":{"start":{"line":7,"column":0},"end":{"line":7,"column":30}},"7":{"start":{"line":8,"column":0},"end":{"line":94,"column":5}},"8":{"start":{"line":9,"column":4},"end":{"line":19,"column":5}},"9":{"start":{"line":13,"column":8},"end":{"line":13,"column":29}},"10":{"start":{"line":14,"column":8},"end":{"line":14,"column":24}},"11":{"start":{"line":15,"column":8},"end":{"line":15,"column":24}},"12":{"start":{"line":16,"column":8},"end":{"line":18,"column":9}},"13":{"start":{"line":17,"column":12},"end":{"line":17,"column":57}},"14":{"start":{"line":20,"column":4},"end":{"line":24,"column":6}},"15":{"start":{"line":21,"column":8},"end":{"line":21,"column":65}},"16":{"start":{"line":22,"column":8},"end":{"line":22,"column":42}},"17":{"start":{"line":23,"column":8},"end":{"line":23,"column":87}},"18":{"start":{"line":25,"column":4},"end":{"line":35,"column":6}},"19":{"start":{"line":26,"column":8},"end":{"line":31,"column":10}},"20":{"start":{"line":32,"column":8},"end":{"line":32,"column":29}},"21":{"start":{"line":33,"column":8},"end":{"line":33,"column":28}},"22":{"start":{"line":34,"column":8},"end":{"line":34,"column":20}},"23":{"start":{"line":36,"column":4},"end":{"line":40,"column":6}},"24":{"start":{"line":37,"column":8},"end":{"line":37,"column":74}},"25":{"start":{"line":38,"column":8},"end":{"line":38,"column":59}},"26":{"start":{"line":39,"column":8},"end":{"line":39,"column":28}},"27":{"start":{"line":41,"column":4},"end":{"line":45,"column":6}},"28":{"start":{"line":42,"column":8},"end":{"line":44,"column":9}},"29":{"start":{"line":43,"column":12},"end":{"line":43,"column":32}},"30":{"start":{"line":46,"column":4},"end":{"line":48,"column":6}},"31":{"start":{"line":47,"column":8},"end":{"line":47,"column":45}},"32":{"start":{"line":49,"column":4},"end":{"line":53,"column":6}},"33":{"start":{"line":50,"column":8},"end":{"line":52,"column":11}},"34":{"start":{"line":51,"column":12},"end":{"line":51,"column":41}},"35":{"start":{"line":54,"column":4},"end":{"line":56,"column":6}},"36":{"start":{"line":55,"column":8},"end":{"line":55,"column":66}},"37":{"start":{"line":57,"column":4},"end":{"line":59,"column":6}},"38":{"start":{"line":58,"column":8},"end":{"line":58,"column":18}},"39":{"start":{"line":60,"column":4},"end":{"line":62,"column":6}},"40":{"start":{"line":61,"column":8},"end":{"line":61,"column":17}},"41":{"start":{"line":63,"column":4},"end":{"line":65,"column":6}},"42":{"start":{"line":64,"column":8},"end":{"line":64,"column":43}},"43":{"start":{"line":66,"column":4},"end":{"line":69,"column":6}},"44":{"start":{"line":67,"column":8},"end":{"line":67,"column":50}},"45":{"start":{"line":68,"column":8},"end":{"line":68,"column":25}},"46":{"start":{"line":70,"column":4},"end":{"line":80,"column":6}},"47":{"start":{"line":71,"column":8},"end":{"line":71,"column":50}},"48":{"start":{"line":72,"column":8},"end":{"line":72,"column":55}},"49":{"start":{"line":73,"column":8},"end":{"line":73,"column":32}},"50":{"start":{"line":74,"column":8},"end":{"line":77,"column":9}},"51":{"start":{"line":75,"column":12},"end":{"line":76,"column":37}},"52":{"start":{"line":76,"column":16},"end":{"line":76,"column":37}},"53":{"start":{"line":78,"column":8},"end":{"line":79,"column":36}},"54":{"start":{"line":79,"column":12},"end":{"line":79,"column":36}},"55":{"start":{"line":81,"column":4},"end":{"line":92,"column":6}},"56":{"start":{"line":82,"column":8},"end":{"line":91,"column":9}},"57":{"start":{"line":83,"column":12},"end":{"line":83,"column":37}},"58":{"start":{"line":84,"column":12},"end":{"line":84,"column":49}},"59":{"start":{"line":85,"column":12},"end":{"line":85,"column":45}},"60":{"start":{"line":86,"column":12},"end":{"line":86,"column":55}},"61":{"start":{"line":87,"column":12},"end":{"line":89,"column":13}},"62":{"start":{"line":88,"column":16},"end":{"line":88,"column":36}},"63":{"start":{"line":90,"column":12},"end":{"line":90,"column":54}},"64":{"start":{"line":93,"column":4},"end":{"line":93,"column":16}},"65":{"start":{"line":95,"column":0},"end":{"line":95,"column":26}},"66":{"start":{"line":96,"column":0},"end":{"line":96,"column":26}}},"branchMap":{"1":{"line":75,"type":"if","locations":[{"start":{"line":75,"column":12},"end":{"line":75,"column":12}},{"start":{"line":75,"column":12},"end":{"line":75,"column":12}}]},"2":{"line":78,"type":"if","locations":[{"start":{"line":78,"column":8},"end":{"line":78,"column":8}},{"start":{"line":78,"column":8},"end":{"line":78,"column":8}}]}}},"C:\\Users\\Lukas\\Node\\Card3\\src\\Option.js":{"path":"C:\\Users\\Lukas\\Node\\Card3\\src\\Option.js","s":{"1":1,"2":1,"3":26,"4":18,"5":18,"6":8,"7":8,"8":1,"9":8,"10":7,"11":1,"12":1,"13":1,"14":1},"b":{"1":[18,8],"2":[7,1]},"f":{"1":1,"2":26,"3":8},"fnMap":{"1":{"name":"(anonymous_1)","line":2,"loc":{"start":{"line":2,"column":14},"end":{"line":2,"column":26}}},"2":{"name":"Option","line":3,"loc":{"start":{"line":3,"column":4},"end":{"line":3,"column":27}}},"3":{"name":"(anonymous_3)","line":13,"loc":{"start":{"line":13,"column":32},"end":{"line":13,"column":44}}}},"statementMap":{"1":{"start":{"line":2,"column":0},"end":{"line":20,"column":5}},"2":{"start":{"line":3,"column":4},"end":{"line":12,"column":5}},"3":{"start":{"line":4,"column":8},"end":{"line":11,"column":9}},"4":{"start":{"line":5,"column":12},"end":{"line":5,"column":40}},"5":{"start":{"line":6,"column":12},"end":{"line":6,"column":30}},"6":{"start":{"line":9,"column":12},"end":{"line":9,"column":39}},"7":{"start":{"line":10,"column":12},"end":{"line":10,"column":31}},"8":{"start":{"line":13,"column":4},"end":{"line":18,"column":6}},"9":{"start":{"line":14,"column":8},"end":{"line":17,"column":82}},"10":{"start":{"line":15,"column":12},"end":{"line":15,"column":30}},"11":{"start":{"line":17,"column":12},"end":{"line":17,"column":82}},"12":{"start":{"line":19,"column":4},"end":{"line":19,"column":18}},"13":{"start":{"line":21,"column":0},"end":{"line":21,"column":26}},"14":{"start":{"line":22,"column":0},"end":{"line":22,"column":28}}},"branchMap":{"1":{"line":4,"type":"if","locations":[{"start":{"line":4,"column":8},"end":{"line":4,"column":8}},{"start":{"line":4,"column":8},"end":{"line":4,"column":8}}]},"2":{"line":14,"type":"if","locations":[{"start":{"line":14,"column":8},"end":{"line":14,"column":8}},{"start":{"line":14,"column":8},"end":{"line":14,"column":8}}]}}},"C:\\Users\\Lukas\\Node\\Card3\\src\\Utilities.js":{"path":"C:\\Users\\Lukas\\Node\\Card3\\src\\Utilities.js","s":{"1":1,"2":12,"3":12,"4":12,"5":636,"6":12,"7":1},"b":{},"f":{"1":12},"fnMap":{"1":{"name":"getRandomString","line":2,"loc":{"start":{"line":2,"column":0},"end":{"line":2,"column":33}}}},"statementMap":{"1":{"start":{"line":2,"column":0},"end":{"line":9,"column":1}},"2":{"start":{"line":3,"column":4},"end":{"line":3,"column":86}},"3":{"start":{"line":4,"column":4},"end":{"line":4,"column":20}},"4":{"start":{"line":5,"column":4},"end":{"line":7,"column":5}},"5":{"start":{"line":6,"column":8},"end":{"line":6,"column":76}},"6":{"start":{"line":8,"column":4},"end":{"line":8,"column":18}},"7":{"start":{"line":10,"column":0},"end":{"line":10,"column":42}}},"branchMap":{}},"C:\\Users\\Lukas\\Node\\Card3\\src\\Player.js":{"path":"C:\\Users\\Lukas\\Node\\Card3\\src\\Player.js","s":{"1":1,"2":1,"3":8,"4":1,"5":121,"6":1,"7":19,"8":1,"9":1,"10":1},"b":{},"f":{"1":1,"2":8,"3":121,"4":19},"fnMap":{"1":{"name":"(anonymous_1)","line":2,"loc":{"start":{"line":2,"column":14},"end":{"line":2,"column":26}}},"2":{"name":"Player","line":3,"loc":{"start":{"line":3,"column":4},"end":{"line":3,"column":22}}},"3":{"name":"(anonymous_3)","line":6,"loc":{"start":{"line":6,"column":31},"end":{"line":6,"column":47}}},"4":{"name":"(anonymous_4)","line":9,"loc":{"start":{"line":9,"column":35},"end":{"line":9,"column":47}}}},"statementMap":{"1":{"start":{"line":2,"column":0},"end":{"line":13,"column":5}},"2":{"start":{"line":3,"column":4},"end":{"line":5,"column":5}},"3":{"start":{"line":4,"column":8},"end":{"line":4,"column":27}},"4":{"start":{"line":6,"column":4},"end":{"line":8,"column":6}},"5":{"start":{"line":7,"column":8},"end":{"line":7,"column":33}},"6":{"start":{"line":9,"column":4},"end":{"line":11,"column":6}},"7":{"start":{"line":10,"column":8},"end":{"line":10,"column":29}},"8":{"start":{"line":12,"column":4},"end":{"line":12,"column":18}},"9":{"start":{"line":14,"column":0},"end":{"line":14,"column":26}},"10":{"start":{"line":15,"column":0},"end":{"line":15,"column":28}}},"branchMap":{}}}