TN:
SF:C:\Users\Lukas\Node\Card3\src\CardPile.js
FN:2,(anonymous_1)
FN:3,CardPile
FN:7,(anonymous_3)
FN:10,(anonymous_4)
FN:13,(anonymous_5)
FN:18,(anonymous_6)
FN:28,(anonymous_7)
FN:31,(anonymous_8)
FN:36,(anonymous_9)
FN:40,(anonymous_10)
FN:45,(anonymous_11)
FN:51,(anonymous_12)
FNF:12
FNH:12
FNDA:1,(anonymous_1)
FNDA:25,CardPile
FNDA:26,(anonymous_3)
FNDA:344,(anonymous_4)
FNDA:22,(anonymous_5)
FNDA:9,(anonymous_6)
FNDA:5,(anonymous_7)
FNDA:1,(anonymous_8)
FNDA:4,(anonymous_9)
FNDA:7,(anonymous_10)
FNDA:100,(anonymous_11)
FNDA:18,(anonymous_12)
DA:2,1
DA:3,1
DA:4,25
DA:5,25
DA:7,1
DA:8,26
DA:10,1
DA:11,344
DA:13,1
DA:14,22
DA:15,344
DA:18,1
DA:19,9
DA:20,9
DA:21,9
DA:22,39
DA:23,39
DA:24,39
DA:26,9
DA:28,1
DA:29,5
DA:31,1
DA:32,1
DA:33,5
DA:36,1
DA:37,4
DA:38,4
DA:40,1
DA:41,7
DA:42,4
DA:45,1
DA:46,100
DA:51,1
DA:52,18
DA:53,310
DA:54,310
DA:56,18
DA:58,1
DA:60,1
DA:61,1
LF:40
LH:40
BRF:0
BRH:0
end_of_record
TN:
SF:C:\Users\Lukas\Node\Card3\src\Card.js
FN:2,(anonymous_1)
FN:3,Card
FNF:2
FNH:2
FNDA:1,(anonymous_1)
FNDA:131,Card
DA:2,1
DA:3,1
DA:4,131
DA:5,131
DA:7,1
DA:9,1
DA:10,1
LF:7
LH:7
BRDA:4,1,0,11
BRDA:4,1,1,120
BRF:2
BRH:2
end_of_record
TN:
SF:C:\Users\Lukas\Node\Card3\src\RandomNumberGenerator.js
FN:2,(anonymous_1)
FN:3,RandomNumberGenerator
FN:7,(anonymous_3)
FNF:3
FNH:3
FNDA:1,(anonymous_1)
FNDA:9,RandomNumberGenerator
FNDA:307,(anonymous_3)
DA:2,1
DA:3,1
DA:4,9
DA:7,1
DA:8,307
DA:10,1
DA:12,1
DA:13,1
LF:8
LH:8
BRF:0
BRH:0
end_of_record
TN:
SF:C:\Users\Lukas\Node\Card3\src\Game.js
FN:8,(anonymous_1)
FN:9,Game
FN:20,(anonymous_3)
FN:25,(anonymous_4)
FN:36,(anonymous_5)
FN:41,(anonymous_6)
FN:46,(anonymous_7)
FN:49,(anonymous_8)
FN:50,(anonymous_9)
FN:54,(anonymous_10)
FN:57,(anonymous_11)
FN:60,(anonymous_12)
FN:63,(anonymous_13)
FN:66,(anonymous_14)
FN:70,(anonymous_15)
FN:81,(anonymous_16)
FNF:16
FNH:16
FNDA:1,(anonymous_1)
FNDA:8,Game
FNDA:8,(anonymous_3)
FNDA:16,(anonymous_4)
FNDA:16,(anonymous_5)
FNDA:16,(anonymous_6)
FNDA:83,(anonymous_7)
FNDA:22,(anonymous_8)
FNDA:29,(anonymous_9)
FNDA:1,(anonymous_10)
FNDA:1,(anonymous_11)
FNDA:1,(anonymous_12)
FNDA:4,(anonymous_13)
FNDA:15,(anonymous_14)
FNDA:6,(anonymous_15)
FNDA:3,(anonymous_16)
DA:2,1
DA:3,1
DA:4,1
DA:5,1
DA:6,1
DA:7,1
DA:8,1
DA:9,1
DA:13,8
DA:14,8
DA:15,8
DA:16,8
DA:17,16
DA:20,1
DA:21,8
DA:22,8
DA:23,8
DA:25,1
DA:26,16
DA:32,16
DA:33,16
DA:34,16
DA:36,1
DA:37,16
DA:38,16
DA:39,16
DA:41,1
DA:42,16
DA:43,80
DA:46,1
DA:47,83
DA:49,1
DA:50,22
DA:51,29
DA:54,1
DA:55,1
DA:57,1
DA:58,1
DA:60,1
DA:61,1
DA:63,1
DA:64,4
DA:66,1
DA:67,15
DA:68,15
DA:70,1
DA:71,6
DA:72,6
DA:73,6
DA:74,6
DA:75,12
DA:76,3
DA:78,6
DA:79,3
DA:81,1
DA:82,3
DA:83,6
DA:84,6
DA:85,6
DA:86,6
DA:87,6
DA:88,3
DA:90,6
DA:93,1
DA:95,1
DA:96,1
LF:66
LH:66
BRDA:75,1,0,3
BRDA:75,1,1,9
BRDA:78,2,0,3
BRDA:78,2,1,3
BRF:4
BRH:4
end_of_record
TN:
SF:C:\Users\Lukas\Node\Card3\src\Option.js
FN:2,(anonymous_1)
FN:3,Option
FN:13,(anonymous_3)
FNF:3
FNH:3
FNDA:1,(anonymous_1)
FNDA:26,Option
FNDA:8,(anonymous_3)
DA:2,1
DA:3,1
DA:4,26
DA:5,18
DA:6,18
DA:9,8
DA:10,8
DA:13,1
DA:14,8
DA:15,7
DA:17,1
DA:19,1
DA:21,1
DA:22,1
LF:14
LH:14
BRDA:4,1,0,18
BRDA:4,1,1,8
BRDA:14,2,0,7
BRDA:14,2,1,1
BRF:4
BRH:4
end_of_record
TN:
SF:C:\Users\Lukas\Node\Card3\src\Utilities.js
FN:2,getRandomString
FNF:1
FNH:1
FNDA:12,getRandomString
DA:2,1
DA:3,12
DA:4,12
DA:5,12
DA:6,636
DA:8,12
DA:10,1
LF:7
LH:7
BRF:0
BRH:0
end_of_record
TN:
SF:C:\Users\Lukas\Node\Card3\src\Player.js
FN:2,(anonymous_1)
FN:3,Player
FN:6,(anonymous_3)
FN:9,(anonymous_4)
FNF:4
FNH:4
FNDA:1,(anonymous_1)
FNDA:8,Player
FNDA:121,(anonymous_3)
FNDA:19,(anonymous_4)
DA:2,1
DA:3,1
DA:4,8
DA:6,1
DA:7,121
DA:9,1
DA:10,19
DA:12,1
DA:14,1
DA:15,1
LF:10
LH:10
BRF:0
BRH:0
end_of_record
